hjs_service[2016-08-04 08:44:57,953]>>INFO >> [★★★【用户：【15626506620】登陆系统成功!】★★★] - [com.qtz.ht.user.service.impl.HtUserServiceImpl] -78393709 [DubboServerHandler-192.168.40.47:20880-thread-43]  
hjs_service[2016-08-04 08:44:59,107]>>INFO >> [★★★【用户：【15626506620】登陆系统成功!】★★★] - [com.qtz.ht.user.service.impl.HtUserServiceImpl] -78394863 [DubboServerHandler-192.168.40.47:20880-thread-44]  
hjs_service[2016-08-04 08:52:52,377]>>INFO >> [★★★【用户：【15626506620】登陆系统成功!】★★★] - [com.qtz.ht.user.service.impl.HtUserServiceImpl] -78868133 [DubboServerHandler-192.168.40.47:20880-thread-45]  
hjs_service[2016-08-04 08:52:52,440]>>ERROR>> [◆◆◆【【SERVICE层】>>>com.qtz.ht.user.service.impl.HtUserServiceImpl:addUserVo(yxd,yxd)调用【报错】了！】◆◆◆] - [com.mall.core.aop.LoggerServiceAop] -78868196 [DubboServerHandler-192.168.40.47:20880-thread-46]  
****************************************DaoException Start****************************************
org.springframework.dao.DuplicateKeyException: 
### Error updating database.  Cause: com.mysql.jdbc.exceptions.jdbc4.MySQLIntegrityConstraintViolationException: Duplicate entry 'yxd' for key 'un_user_mobile_phone'
### The error may involve com.qtz.ht.user.dao.HtUserDao.addVo-Inline
### The error occurred while setting parameters
### SQL: insert into ht_user(dm_id,busi_id,account,password,real_name,head_portrait,user_type,sex,crtime,crname,last_login)  values(?,?,?,?,?,?,?,?,?,?,?)
### Cause: com.mysql.jdbc.exceptions.jdbc4.MySQLIntegrityConstraintViolationException: Duplicate entry 'yxd' for key 'un_user_mobile_phone'
; SQL []; Duplicate entry 'yxd' for key 'un_user_mobile_phone'; nested exception is com.mysql.jdbc.exceptions.jdbc4.MySQLIntegrityConstraintViolationException: Duplicate entry 'yxd' for key 'un_user_mobile_phone'
****************************************DaoException End****************************************
	at com.mall.core.dao.impl.MyBaitsDaoImpl.addVo(MyBaitsDaoImpl.java:27)
	at com.qtz.ht.user.service.impl.HtUserServiceImpl.addUserVo(HtUserServiceImpl.java:99)
	at com.qtz.ht.user.service.impl.HtUserServiceImpl$$FastClassBySpringCGLIB$$f222a22e.invoke(<generated>)
	at org.springframework.cglib.proxy.MethodProxy.invoke(MethodProxy.java:204)
	at org.springframework.aop.framework.CglibAopProxy$CglibMethodInvocation.invokeJoinpoint(CglibAopProxy.java:717)
	at org.springframework.aop.framework.ReflectiveMethodInvocation.proceed(ReflectiveMethodInvocation.java:157)
	at org.springframework.transaction.interceptor.TransactionInterceptor$1.proceedWithInvocation(TransactionInterceptor.java:99)
	at org.springframework.transaction.interceptor.TransactionAspectSupport.invokeWithinTransaction(TransactionAspectSupport.java:281)
	at org.springframework.transaction.interceptor.TransactionInterceptor.invoke(TransactionInterceptor.java:96)
	at org.springframework.aop.framework.ReflectiveMethodInvocation.proceed(ReflectiveMethodInvocation.java:179)
	at org.springframework.aop.aspectj.MethodInvocationProceedingJoinPoint.proceed(MethodInvocationProceedingJoinPoint.java:85)
	at com.mall.core.aop.LoggerServiceAop.record(LoggerServiceAop.java:25)
	at sun.reflect.GeneratedMethodAccessor7.invoke(Unknown Source)
	at sun.reflect.DelegatingMethodAccessorImpl.invoke(DelegatingMethodAccessorImpl.java:43)
	at java.lang.reflect.Method.invoke(Method.java:606)
	at org.springframework.aop.aspectj.AbstractAspectJAdvice.invokeAdviceMethodWithGivenArgs(AbstractAspectJAdvice.java:621)
	at org.springframework.aop.aspectj.AbstractAspectJAdvice.invokeAdviceMethod(AbstractAspectJAdvice.java:610)
	at org.springframework.aop.aspectj.AspectJAroundAdvice.invoke(AspectJAroundAdvice.java:68)
	at org.springframework.aop.framework.ReflectiveMethodInvocation.proceed(ReflectiveMethodInvocation.java:179)
	at org.springframework.aop.interceptor.ExposeInvocationInterceptor.invoke(ExposeInvocationInterceptor.java:92)
	at org.springframework.aop.framework.ReflectiveMethodInvocation.proceed(ReflectiveMethodInvocation.java:179)
	at org.springframework.aop.framework.CglibAopProxy$DynamicAdvisedInterceptor.intercept(CglibAopProxy.java:653)
	at com.qtz.ht.user.service.impl.HtUserServiceImpl$$EnhancerBySpringCGLIB$$a99f74b7.addUserVo(<generated>)
	at com.alibaba.dubbo.common.bytecode.Wrapper0.invokeMethod(Wrapper0.java)
	at com.alibaba.dubbo.rpc.proxy.javassist.JavassistProxyFactory$1.doInvoke(JavassistProxyFactory.java:46)
	at com.alibaba.dubbo.rpc.proxy.AbstractProxyInvoker.invoke(AbstractProxyInvoker.java:72)
	at com.alibaba.dubbo.rpc.protocol.InvokerWrapper.invoke(InvokerWrapper.java:53)
	at com.alibaba.dubbo.rpc.filter.ExceptionFilter.invoke(ExceptionFilter.java:64)
	at com.alibaba.dubbo.rpc.protocol.ProtocolFilterWrapper$1.invoke(ProtocolFilterWrapper.java:91)
	at com.alibaba.dubbo.rpc.filter.TimeoutFilter.invoke(TimeoutFilter.java:42)
	at com.alibaba.dubbo.rpc.protocol.ProtocolFilterWrapper$1.invoke(ProtocolFilterWrapper.java:91)
	at com.alibaba.dubbo.monitor.support.MonitorFilter.invoke(MonitorFilter.java:75)
	at com.alibaba.dubbo.rpc.protocol.ProtocolFilterWrapper$1.invoke(ProtocolFilterWrapper.java:91)
	at com.alibaba.dubbo.rpc.protocol.dubbo.filter.TraceFilter.invoke(TraceFilter.java:78)
	at com.alibaba.dubbo.rpc.protocol.ProtocolFilterWrapper$1.invoke(ProtocolFilterWrapper.java:91)
	at com.alibaba.dubbo.rpc.filter.ContextFilter.invoke(ContextFilter.java:60)
	at com.alibaba.dubbo.rpc.protocol.ProtocolFilterWrapper$1.invoke(ProtocolFilterWrapper.java:91)
	at com.alibaba.dubbo.rpc.filter.GenericFilter.invoke(GenericFilter.java:112)
	at com.alibaba.dubbo.rpc.protocol.ProtocolFilterWrapper$1.invoke(ProtocolFilterWrapper.java:91)
	at com.alibaba.dubbo.rpc.filter.ClassLoaderFilter.invoke(ClassLoaderFilter.java:38)
	at com.alibaba.dubbo.rpc.protocol.ProtocolFilterWrapper$1.invoke(ProtocolFilterWrapper.java:91)
	at com.alibaba.dubbo.rpc.filter.EchoFilter.invoke(EchoFilter.java:38)
	at com.alibaba.dubbo.rpc.protocol.ProtocolFilterWrapper$1.invoke(ProtocolFilterWrapper.java:91)
	at com.alibaba.dubbo.rpc.protocol.dubbo.DubboProtocol$1.reply(DubboProtocol.java:108)
	at com.alibaba.dubbo.remoting.exchange.support.header.HeaderExchangeHandler.handleRequest(HeaderExchangeHandler.java:84)
	at com.alibaba.dubbo.remoting.exchange.support.header.HeaderExchangeHandler.received(HeaderExchangeHandler.java:170)
	at com.alibaba.dubbo.remoting.transport.DecodeHandler.received(DecodeHandler.java:52)
	at com.alibaba.dubbo.remoting.transport.dispatcher.ChannelEventRunnable.run(ChannelEventRunnable.java:82)
	at java.util.concurrent.ThreadPoolExecutor.runWorker(ThreadPoolExecutor.java:1145)
	at java.util.concurrent.ThreadPoolExecutor$Worker.run(ThreadPoolExecutor.java:615)
	at java.lang.Thread.run(Thread.java:745)
Caused by: ****************************************DaoException Start****************************************

### Error updating database.  Cause: com.mysql.jdbc.exceptions.jdbc4.MySQLIntegrityConstraintViolationException: Duplicate entry 'yxd' for key 'un_user_mobile_phone'
### The error may involve com.qtz.ht.user.dao.HtUserDao.addVo-Inline
### The error occurred while setting parameters
### SQL: insert into ht_user(dm_id,busi_id,account,password,real_name,head_portrait,user_type,sex,crtime,crname,last_login)  values(?,?,?,?,?,?,?,?,?,?,?)
### Cause: com.mysql.jdbc.exceptions.jdbc4.MySQLIntegrityConstraintViolationException: Duplicate entry 'yxd' for key 'un_user_mobile_phone'
; SQL []; Duplicate entry 'yxd' for key 'un_user_mobile_phone'; nested exception is com.mysql.jdbc.exceptions.jdbc4.MySQLIntegrityConstraintViolationException: Duplicate entry 'yxd' for key 'un_user_mobile_phone'
****************************************DaoException End****************************************
	at com.mall.core.dao.MyBaitsTemplate.add(MyBaitsTemplate.java:46)
	at com.mall.core.dao.impl.MyBaitsDaoImpl.addVo(MyBaitsDaoImpl.java:25)
	... 50 more
Caused by: org.springframework.dao.DuplicateKeyException: 
### Error updating database.  Cause: com.mysql.jdbc.exceptions.jdbc4.MySQLIntegrityConstraintViolationException: Duplicate entry 'yxd' for key 'un_user_mobile_phone'
### The error may involve com.qtz.ht.user.dao.HtUserDao.addVo-Inline
### The error occurred while setting parameters
### SQL: insert into ht_user(dm_id,busi_id,account,password,real_name,head_portrait,user_type,sex,crtime,crname,last_login)  values(?,?,?,?,?,?,?,?,?,?,?)
### Cause: com.mysql.jdbc.exceptions.jdbc4.MySQLIntegrityConstraintViolationException: Duplicate entry 'yxd' for key 'un_user_mobile_phone'
; SQL []; Duplicate entry 'yxd' for key 'un_user_mobile_phone'; nested exception is com.mysql.jdbc.exceptions.jdbc4.MySQLIntegrityConstraintViolationException: Duplicate entry 'yxd' for key 'un_user_mobile_phone'
	at org.springframework.jdbc.support.SQLErrorCodeSQLExceptionTranslator.doTranslate(SQLErrorCodeSQLExceptionTranslator.java:239)
	at org.springframework.jdbc.support.AbstractFallbackSQLExceptionTranslator.translate(AbstractFallbackSQLExceptionTranslator.java:73)
	at org.mybatis.spring.MyBatisExceptionTranslator.translateExceptionIfPossible(MyBatisExceptionTranslator.java:75)
	at org.mybatis.spring.SqlSessionTemplate$SqlSessionInterceptor.invoke(SqlSessionTemplate.java:447)
	at com.sun.proxy.$Proxy8.insert(Unknown Source)
	at org.mybatis.spring.SqlSessionTemplate.insert(SqlSessionTemplate.java:279)
	at com.mall.core.dao.MyBaitsTemplate.add(MyBaitsTemplate.java:44)
	... 51 more
Caused by: com.mysql.jdbc.exceptions.jdbc4.MySQLIntegrityConstraintViolationException: Duplicate entry 'yxd' for key 'un_user_mobile_phone'
	at sun.reflect.NativeConstructorAccessorImpl.newInstance0(Native Method)
	at sun.reflect.NativeConstructorAccessorImpl.newInstance(NativeConstructorAccessorImpl.java:57)
	at sun.reflect.DelegatingConstructorAccessorImpl.newInstance(DelegatingConstructorAccessorImpl.java:45)
	at java.lang.reflect.Constructor.newInstance(Constructor.java:526)
	at com.mysql.jdbc.Util.handleNewInstance(Util.java:404)
	at com.mysql.jdbc.Util.getInstance(Util.java:387)
	at com.mysql.jdbc.SQLError.createSQLException(SQLError.java:932)
	at com.mysql.jdbc.MysqlIO.checkErrorPacket(MysqlIO.java:3878)
	at com.mysql.jdbc.MysqlIO.checkErrorPacket(MysqlIO.java:3814)
	at com.mysql.jdbc.MysqlIO.sendCommand(MysqlIO.java:2478)
	at com.mysql.jdbc.MysqlIO.sqlQueryDirect(MysqlIO.java:2625)
	at com.mysql.jdbc.ConnectionImpl.execSQL(ConnectionImpl.java:2551)
	at com.mysql.jdbc.PreparedStatement.executeInternal(PreparedStatement.java:1861)
	at com.mysql.jdbc.PreparedStatement.execute(PreparedStatement.java:1192)
	at com.alibaba.druid.filter.FilterChainImpl.preparedStatement_execute(FilterChainImpl.java:2931)
	at com.alibaba.druid.filter.FilterEventAdapter.preparedStatement_execute(FilterEventAdapter.java:440)
	at com.alibaba.druid.filter.FilterChainImpl.preparedStatement_execute(FilterChainImpl.java:2929)
	at com.alibaba.druid.proxy.jdbc.PreparedStatementProxyImpl.execute(PreparedStatementProxyImpl.java:131)
	at com.alibaba.druid.pool.DruidPooledPreparedStatement.execute(DruidPooledPreparedStatement.java:493)
	at org.apache.ibatis.executor.statement.PreparedStatementHandler.update(PreparedStatementHandler.java:46)
	at org.apache.ibatis.executor.statement.RoutingStatementHandler.update(RoutingStatementHandler.java:74)
	at org.apache.ibatis.executor.SimpleExecutor.doUpdate(SimpleExecutor.java:50)
	at org.apache.ibatis.executor.BaseExecutor.update(BaseExecutor.java:117)
	at org.apache.ibatis.executor.CachingExecutor.update(CachingExecutor.java:76)
	at org.apache.ibatis.session.defaults.DefaultSqlSession.update(DefaultSqlSession.java:198)
	at org.apache.ibatis.session.defaults.DefaultSqlSession.insert(DefaultSqlSession.java:185)
	at sun.reflect.NativeMethodAccessorImpl.invoke0(Native Method)
	at sun.reflect.NativeMethodAccessorImpl.invoke(NativeMethodAccessorImpl.java:57)
	at sun.reflect.DelegatingMethodAccessorImpl.invoke(DelegatingMethodAccessorImpl.java:43)
	at java.lang.reflect.Method.invoke(Method.java:606)
	at org.mybatis.spring.SqlSessionTemplate$SqlSessionInterceptor.invoke(SqlSessionTemplate.java:434)
	... 54 more
hjs_service[2016-08-04 09:25:45,321]>>WARN >> [ [DUBBO] All clients has discontected from /192.168.40.47:20880. You can graceful shutdown now., dubbo version: 2.5.3, current host: 127.0.0.1] - [com.alibaba.dubbo.remoting.transport.AbstractServer] -80841077 [New I/O server worker #1-3]  
hjs_service[2016-08-04 09:25:45,322]>>INFO >> [ [DUBBO] disconected from /192.168.40.47:51165,url:dubbo://192.168.40.47:20880/com.qtz.ht.user.service.HtUserService?anyhost=true&application=qtz_session&channel.readonly.sent=true&codec=dubbo&dubbo=2.5.3&heartbeat=60000&interface=com.qtz.ht.user.service.HtUserService&methods=addVo,addUserVo,save,delList,query,findVo,getLoginVo,findList,delId,modVo,logout,delIds,login,saveList,modVoNotNull,addList&pid=13368&retries=0&revision=1.0&side=provider&timeout=3000&timestamp=1470193106542&version=1.0, dubbo version: 2.5.3, current host: 127.0.0.1] - [com.alibaba.dubbo.rpc.protocol.dubbo.DubboProtocol] -80841078 [DubboServerHandler-192.168.40.47:20880-thread-47]  
hjs_service[2016-08-04 14:41:17,785]>>WARN >> [ [DUBBO] All clients has discontected from /192.168.40.47:20880. You can graceful shutdown now., dubbo version: 2.5.3, current host: 127.0.0.1] - [com.alibaba.dubbo.remoting.transport.AbstractServer] -99773541 [New I/O server worker #1-4]  
hjs_service[2016-08-04 14:41:17,788]>>INFO >> [ [DUBBO] disconected from /192.168.40.47:63839,url:dubbo://192.168.40.47:20880/com.qtz.ht.user.service.HtUserService?anyhost=true&application=qtz_session&channel.readonly.sent=true&codec=dubbo&dubbo=2.5.3&heartbeat=60000&interface=com.qtz.ht.user.service.HtUserService&methods=addVo,addUserVo,save,delList,query,findVo,getLoginVo,findList,delId,modVo,logout,delIds,login,saveList,modVoNotNull,addList&pid=13368&retries=0&revision=1.0&side=provider&timeout=3000&timestamp=1470193106542&version=1.0, dubbo version: 2.5.3, current host: 127.0.0.1] - [com.alibaba.dubbo.rpc.protocol.dubbo.DubboProtocol] -99773544 [DubboServerHandler-192.168.40.47:20880-thread-50]  
